<?xml version="1.0" encoding="UTF-8"?>
<!-- Generated by org.testng.reporters.JUnitReportReporter -->
<testsuite skipped="0" hostname="Nilmie" name="Runner.TestRunner" tests="1" failures="0" timestamp="2020-11-15T18:29:02 IST" time="89.562" errors="0">
  <testcase name="feature" time="89.562" classname="Runner.TestRunner"/>
</testsuite> <!-- Runner.TestRunner -->
